Reading netlist file: "/home/mkhuthir/Downloads/fpga/tang_nano_9k/blink/blink/impl/gwsynthesis/blink.vg"
Parsing netlist file "/home/mkhuthir/Downloads/fpga/tang_nano_9k/blink/blink/impl/gwsynthesis/blink.vg" completed
Processing netlist completed
Reading constraint file: "/home/mkhuthir/Downloads/fpga/tang_nano_9k/blink/blink/src/blink.cst"
Physical Constraint parsed completed
Running placement......
[10%] Placement Phase 0 completed
[20%] Placement Phase 1 completed
[30%] Placement Phase 2 completed
[50%] Placement Phase 3 completed
Running routing......
[60%] Routing Phase 0 completed
[70%] Routing Phase 1 completed
[80%] Routing Phase 2 completed
[90%] Routing Phase 3 completed
Running timing analysis......
[95%] Timing analysis completed
Placement and routing completed
Bitstream generation in progress......
Bitstream generation completed
Running power analysis......
[100%] Power analysis completed
Generate file "/home/mkhuthir/Downloads/fpga/tang_nano_9k/blink/blink/impl/pnr/blink.power.html" completed
Generate file "/home/mkhuthir/Downloads/fpga/tang_nano_9k/blink/blink/impl/pnr/blink.pin.html" completed
Generate file "/home/mkhuthir/Downloads/fpga/tang_nano_9k/blink/blink/impl/pnr/blink.rpt.html" completed
Generate file "/home/mkhuthir/Downloads/fpga/tang_nano_9k/blink/blink/impl/pnr/blink.rpt.txt" completed
Generate file "/home/mkhuthir/Downloads/fpga/tang_nano_9k/blink/blink/impl/pnr/blink.tr.html" completed
Sat Oct  7 22:23:37 2023

